<?xml version="1.0" encoding="UTF-8"?>
<testng-results ignored="0" total="1" passed="1" failed="0" skipped="0">
  <reporter-output>
  </reporter-output>
  <suite started-at="2025-07-16T08:39:13 UTC" name="Default suite" finished-at="2025-07-16T08:40:01 UTC" duration-ms="47731">
    <groups>
    </groups>
    <test started-at="2025-07-16T08:39:13 UTC" name="Default test" finished-at="2025-07-16T08:40:01 UTC" duration-ms="47731">
      <class name="TestCase.LoginTest">
        <test-method signature="testValidLogin()[pri:0, instance:TestCase.LoginTest@1817d444]" started-at="2025-07-16T08:39:13 UTC" name="testValidLogin" finished-at="2025-07-16T08:40:01 UTC" duration-ms="47614" status="PASS">
          <reporter-output>
          </reporter-output>
        </test-method> <!-- testValidLogin -->
      </class> <!-- TestCase.LoginTest -->
    </test> <!-- Default test -->
  </suite> <!-- Default suite -->
</testng-results>
