<?xml version="1.0" encoding="UTF-8"?>
<testng-results ignored="0" total="1" passed="1" failed="0" skipped="0">
  <reporter-output>
  </reporter-output>
  <suite started-at="2025-07-20T12:35:14Z" name="Surefire suite" finished-at="2025-07-20T12:35:25Z" duration-ms="10840">
    <groups>
    </groups>
    <test started-at="2025-07-20T12:35:14Z" name="Surefire test" finished-at="2025-07-20T12:35:25Z" duration-ms="10840">
      <class name="TestCase.LoginTest">
        <test-method signature="fullEndToEndTest(java.lang.String, java.lang.String, java.lang.String, java.lang.String, java.lang.String)[pri:0, instance:TestCase.LoginTest@516be40f]" started-at="2025-07-20T12:35:14Z" name="fullEndToEndTest" data-provider="loginData" finished-at="2025-07-20T12:35:25Z" duration-ms="10806" status="PASS">
          <params>
            <param index="0">
              <value>
                <![CDATA[standard_user]]>
              </value>
            </param>
            <param index="1">
              <value>
                <![CDATA[secret_sauce]]>
              </value>
            </param>
            <param index="2">
              <value>
                <![CDATA[John]]>
              </value>
            </param>
            <param index="3">
              <value>
                <![CDATA[Doe]]>
              </value>
            </param>
            <param index="4">
              <value>
                <![CDATA[12345]]>
              </value>
            </param>
          </params>
          <reporter-output>
          </reporter-output>
        </test-method> <!-- fullEndToEndTest -->
      </class> <!-- TestCase.LoginTest -->
    </test> <!-- Surefire test -->
  </suite> <!-- Surefire suite -->
</testng-results>
