<?xml version="1.0" encoding="UTF-8"?>
<testng-results ignored="0" total="5" passed="5" failed="0" skipped="0">
  <reporter-output>
  </reporter-output>
  <suite started-at="2025-07-11T05:41:47 UTC" name="Default suite" finished-at="2025-07-11T05:41:49 UTC" duration-ms="1523">
    <groups>
    </groups>
    <test started-at="2025-07-11T05:41:47 UTC" name="Default test" finished-at="2025-07-11T05:41:49 UTC" duration-ms="1523">
      <class name="TestCase.LoginTest2">
        <test-method signature="loginTest(java.lang.String,java.lang.String)[pri:0, instance:TestCase.LoginTest2@4facf68f]" started-at="2025-07-11T05:41:49 UTC" name="loginTest" data-provider="excelData" finished-at="2025-07-11T05:41:49 UTC" duration-ms="19" status="PASS">
          <params>
            <param index="0">
              <value>
                <![CDATA[Stu]]>
              </value>
            </param>
            <param index="1">
              <value>
                <![CDATA[Passwoard]]>
              </value>
            </param>
          </params>
          <reporter-output>
          </reporter-output>
        </test-method> <!-- loginTest -->
        <test-method signature="loginTest(java.lang.String,java.lang.String)[pri:0, instance:TestCase.LoginTest2@4facf68f]" started-at="2025-07-11T05:41:49 UTC" name="loginTest" data-provider="excelData" finished-at="2025-07-11T05:41:49 UTC" duration-ms="3" status="PASS">
          <params>
            <param index="0">
              <value>
                <![CDATA[student]]>
              </value>
            </param>
            <param index="1">
              <value>
                <![CDATA[Passwoard123]]>
              </value>
            </param>
          </params>
          <reporter-output>
          </reporter-output>
        </test-method> <!-- loginTest -->
        <test-method signature="loginTest(java.lang.String,java.lang.String)[pri:0, instance:TestCase.LoginTest2@4facf68f]" started-at="2025-07-11T05:41:49 UTC" name="loginTest" data-provider="excelData" finished-at="2025-07-11T05:41:49 UTC" duration-ms="26" status="PASS">
          <params>
            <param index="0">
              <value>
                <![CDATA[]]>
              </value>
            </param>
            <param index="1">
              <value>
                <![CDATA[Password123]]>
              </value>
            </param>
          </params>
          <reporter-output>
          </reporter-output>
        </test-method> <!-- loginTest -->
        <test-method signature="loginTest(java.lang.String,java.lang.String)[pri:0, instance:TestCase.LoginTest2@4facf68f]" started-at="2025-07-11T05:41:49 UTC" name="loginTest" data-provider="excelData" finished-at="2025-07-11T05:41:49 UTC" duration-ms="3" status="PASS">
          <params>
            <param index="0">
              <value>
                <![CDATA[student]]>
              </value>
            </param>
            <param index="1">
              <value>
                <![CDATA[]]>
              </value>
            </param>
          </params>
          <reporter-output>
          </reporter-output>
        </test-method> <!-- loginTest -->
        <test-method signature="loginTest(java.lang.String,java.lang.String)[pri:0, instance:TestCase.LoginTest2@4facf68f]" started-at="2025-07-11T05:41:49 UTC" name="loginTest" data-provider="excelData" finished-at="2025-07-11T05:41:49 UTC" duration-ms="6" status="PASS">
          <params>
            <param index="0">
              <value>
                <![CDATA[1234.0]]>
              </value>
            </param>
            <param index="1">
              <value>
                <![CDATA[Password123]]>
              </value>
            </param>
          </params>
          <reporter-output>
          </reporter-output>
        </test-method> <!-- loginTest -->
      </class> <!-- TestCase.LoginTest2 -->
    </test> <!-- Default test -->
  </suite> <!-- Default suite -->
</testng-results>
