<?xml version="1.0" encoding="UTF-8"?>
<!-- Generated by org.testng.reporters.JUnitXMLReporter -->
<testsuite ignored="0" hostname="EC2AMAZ-CS00R8Q" failures="0" tests="2" name="Surefire test" time="0.342" errors="0" timestamp="2025-07-22T04:43:52 UTC">
  <testcase classname="Jacoco.RectangleTest" name="testarea on testarea(Jacoco.RectangleTest)" time="0.052"/>
  <testcase classname="Jacoco.RectangleTest" name="testperimeter on testperimeter(Jacoco.RectangleTest)" time="0.052"/>
</testsuite> <!-- Surefire test -->
