<?xml version="1.0" encoding="UTF-8"?>
<!-- Generated by org.testng.reporters.JUnitXMLReporter -->
<testsuite ignored="0" hostname="EC2AMAZ-1IC0RHB" failures="0" tests="5" name="Default test" time="1.523" errors="0" timestamp="2025-07-11T05:41:49 UTC">
  <testcase classname="TestCase.LoginTest2" name="loginTest" time="0.019"/>
  <testcase classname="TestCase.LoginTest2" name="loginTest" time="0.003"/>
  <testcase classname="TestCase.LoginTest2" name="loginTest" time="0.026"/>
  <testcase classname="TestCase.LoginTest2" name="loginTest" time="0.003"/>
  <testcase classname="TestCase.LoginTest2" name="loginTest" time="0.006"/>
</testsuite> <!-- Default test -->
